Using pre-set license
Built from '6000.0/release' branch; Version is '6000.0.35f1 (9a3bc604008a) revision 10107846'; Using compiler version '193933523'; Build Type 'Release'
OS: 'Windows 10  (10.0.19045) 64bit Core' Language: 'en' Physical Memory: 16167 MB
BatchMode: 1, IsHumanControllingUs: 0, StartBugReporterOnCrash: 0, Is64bit: 1, IsPro: 1

COMMAND LINE ARGUMENTS:
C:\Program Files\Unity\Hub\Editor\6000.0.35f1\Editor\Unity.exe
-adb2
-batchMode
-noUpm
-name
AssetImportWorker0
-projectPath
C:/Users/tomas/BluescreenProject/BluescreenProject/UNity/BluescreenProject
-logFile
Logs/AssetImportWorker0.log
-srvPort
49801
-job-worker-count
3
-background-job-worker-count
8
-gc-helper-count
1
Successfully changed project path to: C:/Users/tomas/BluescreenProject/BluescreenProject/UNity/BluescreenProject
C:/Users/tomas/BluescreenProject/BluescreenProject/UNity/BluescreenProject
[UnityMemory] Configuration Parameters - Can be set up in boot.config
    "memorysetup-bucket-allocator-granularity=16"
    "memorysetup-bucket-allocator-bucket-count=8"
    "memorysetup-bucket-allocator-block-size=33554432"
    "memorysetup-bucket-allocator-block-count=8"
    "memorysetup-main-allocator-block-size=16777216"
    "memorysetup-thread-allocator-block-size=16777216"
    "memorysetup-gfx-main-allocator-block-size=16777216"
    "memorysetup-gfx-thread-allocator-block-size=16777216"
    "memorysetup-cache-allocator-block-size=4194304"
    "memorysetup-typetree-allocator-block-size=2097152"
    "memorysetup-profiler-bucket-allocator-granularity=16"
    "memorysetup-profiler-bucket-allocator-bucket-count=8"
    "memorysetup-profiler-bucket-allocator-block-size=33554432"
    "memorysetup-profiler-bucket-allocator-block-count=8"
    "memorysetup-profiler-allocator-block-size=16777216"
    "memorysetup-profiler-editor-allocator-block-size=1048576"
    "memorysetup-temp-allocator-size-main=16777216"
    "memorysetup-job-temp-allocator-block-size=2097152"
    "memorysetup-job-temp-allocator-block-size-background=1048576"
    "memorysetup-job-temp-allocator-reduction-small-platforms=262144"
    "memorysetup-allocator-temp-initial-block-size-main=262144"
    "memorysetup-allocator-temp-initial-block-size-worker=262144"
    "memorysetup-temp-allocator-size-background-worker=32768"
    "memorysetup-temp-allocator-size-job-worker=262144"
    "memorysetup-temp-allocator-size-preload-manager=33554432"
    "memorysetup-temp-allocator-size-nav-mesh-worker=65536"
    "memorysetup-temp-allocator-size-audio-worker=65536"
    "memorysetup-temp-allocator-size-cloud-worker=32768"
    "memorysetup-temp-allocator-size-gi-baking-worker=262144"
    "memorysetup-temp-allocator-size-gi-baking-worker=262144"
    "memorysetup-temp-allocator-size-gi-baking-worker=262144"
    "memorysetup-temp-allocator-size-gi-baking-worker=262144"
    "memorysetup-temp-allocator-size-gi-baking-worker=262144"
    "memorysetup-temp-allocator-size-gfx=262144"
Player connection [8712]  Target information:

Player connection [8712]  * "[IP] 192.168.181.1 [Port] 0 [Flags] 2 [Guid] 859766056 [EditorId] 859766056 [Version] 1048832 [Id] WindowsEditor(7,LAPTOP-V9A22VA3) [Debug] 1 [PackageName] WindowsEditor [ProjectName] Editor" 

Player connection [8712]  * "[IP] 192.168.86.1 [Port] 0 [Flags] 2 [Guid] 859766056 [EditorId] 859766056 [Version] 1048832 [Id] WindowsEditor(7,LAPTOP-V9A22VA3) [Debug] 1 [PackageName] WindowsEditor [ProjectName] Editor" 

Player connection [8712] Host joined multi-casting on [225.0.0.222:54997]...
Player connection [8712] Host joined alternative multi-casting on [225.0.0.222:34997]...
JobSystem: Creating JobQueue using job-worker-count value 3
Input System module state changed to: Initialized.
[Physics::Module] Initialized fallback backend.
[Physics::Module] Id: 0xdecafbad
Library Redirect Path: Library/
[Physics::Module] Selected backend.
[Physics::Module] Name: PhysX
[Physics::Module] Id: 0xf2b8ea05
[Physics::Module] SDK Version: 4.1.2
[Physics::Module] Integration Version: 1.0.0
[Physics::Module] Threading Mode: Multi-Threaded
Refreshing native plugins compatible for Editor in 5.73 ms, found 3 plugins.
Preloading 0 native plugins for Editor in 0.00 ms.
Initialize engine version: 6000.0.35f1 (9a3bc604008a)
[Subsystems] Discovering subsystems at path C:/Program Files/Unity/Hub/Editor/6000.0.35f1/Editor/Data/Resources/UnitySubsystems
[Subsystems] Discovering subsystems at path C:/Users/tomas/BluescreenProject/BluescreenProject/UNity/BluescreenProject/Assets
GfxDevice: creating device client; kGfxThreadingModeNonThreaded
Direct3D:
    Version:  Direct3D 11.0 [level 11.1]
    Renderer: NVIDIA GeForce MX450 (ID=0x1f97)
    Vendor:   NVIDIA
    VRAM:     1906 MB
    Driver:   31.0.15.5123
Initialize mono
Mono path[0] = 'C:/Program Files/Unity/Hub/Editor/6000.0.35f1/Editor/Data/Managed'
Mono path[1] = 'C:/Program Files/Unity/Hub/Editor/6000.0.35f1/Editor/Data/MonoBleedingEdge/lib/mono/unityjit-win32'
Mono config path = 'C:/Program Files/Unity/Hub/Editor/6000.0.35f1/Editor/Data/MonoBleedingEdge/etc'
Using monoOptions --debugger-agent=transport=dt_socket,embedding=1,server=y,suspend=n,address=127.0.0.1:56764
Begin MonoManager ReloadAssembly
Registering precompiled unity dll's ...
Register platform support module: C:/Program Files/Unity/Hub/Editor/6000.0.35f1/Editor/Data/PlaybackEngines/WindowsStandaloneSupport/UnityEditor.WindowsStandalone.Extensions.dll
Registered in 0.012735 seconds.
- Loaded All Assemblies, in  1.556 seconds
Native extension for WindowsStandalone target not found
Mono: successfully reloaded assembly
- Finished resetting the current domain, in  1.099 seconds
Domain Reload Profiling: 2646ms
	BeginReloadAssembly (538ms)
		ExecutionOrderSort (0ms)
		DisableScriptedObjects (0ms)
		BackupInstance (0ms)
		ReleaseScriptingObjects (0ms)
		CreateAndSetChildDomain (3ms)
	RebuildCommonClasses (117ms)
	RebuildNativeTypeToScriptingClass (63ms)
	initialDomainReloadingComplete (214ms)
	LoadAllAssembliesAndSetupDomain (614ms)
		LoadAssemblies (522ms)
		RebuildTransferFunctionScriptingTraits (0ms)
		AnalyzeDomain (605ms)
			TypeCache.Refresh (599ms)
				TypeCache.ScanAssembly (539ms)
			BuildScriptInfoCaches (0ms)
			ResolveRequiredComponents (2ms)
	FinalizeReload (1100ms)
		ReleaseScriptCaches (0ms)
		RebuildScriptCaches (0ms)
		SetupLoadedEditorAssemblies (926ms)
			LogAssemblyErrors (0ms)
			InitializePlatformSupportModulesInManaged (123ms)
			SetLoadedEditorAssemblies (22ms)
			BeforeProcessingInitializeOnLoad (184ms)
			ProcessInitializeOnLoadAttributes (417ms)
			ProcessInitializeOnLoadMethodAttributes (179ms)
			AfterProcessingInitializeOnLoad (0ms)
			EditorAssembliesLoaded (0ms)
		ExecutionOrderSort2 (0ms)
		AwakeInstancesAfterBackupRestoration (0ms)
========================================================================
Worker process is ready to serve import requests
Import Worker Mode flag is 0x00
Begin MonoManager ReloadAssembly
- Loaded All Assemblies, in  2.513 seconds
Refreshing native plugins compatible for Editor in 4.04 ms, found 3 plugins.
Native extension for WindowsStandalone target not found
Mono: successfully reloaded assembly
- Finished resetting the current domain, in  2.143 seconds
Domain Reload Profiling: 4640ms
	BeginReloadAssembly (605ms)
		ExecutionOrderSort (0ms)
		DisableScriptedObjects (21ms)
		BackupInstance (0ms)
		ReleaseScriptingObjects (0ms)
		CreateAndSetChildDomain (93ms)
	RebuildCommonClasses (151ms)
	RebuildNativeTypeToScriptingClass (49ms)
	initialDomainReloadingComplete (135ms)
	LoadAllAssembliesAndSetupDomain (1556ms)
		LoadAssemblies (1168ms)
		RebuildTransferFunctionScriptingTraits (0ms)
		AnalyzeDomain (769ms)
			TypeCache.Refresh (620ms)
				TypeCache.ScanAssembly (575ms)
			BuildScriptInfoCaches (118ms)
			ResolveRequiredComponents (24ms)
	FinalizeReload (2145ms)
		ReleaseScriptCaches (0ms)
		RebuildScriptCaches (0ms)
		SetupLoadedEditorAssemblies (1760ms)
			LogAssemblyErrors (0ms)
			InitializePlatformSupportModulesInManaged (8ms)
			SetLoadedEditorAssemblies (18ms)
			BeforeProcessingInitializeOnLoad (308ms)
			ProcessInitializeOnLoadAttributes (1320ms)
			ProcessInitializeOnLoadMethodAttributes (79ms)
			AfterProcessingInitializeOnLoad (27ms)
			EditorAssembliesLoaded (1ms)
		ExecutionOrderSort2 (0ms)
		AwakeInstancesAfterBackupRestoration (15ms)
Launched and connected shader compiler UnityShaderCompiler.exe after 0.02 seconds
Refreshing native plugins compatible for Editor in 2.30 ms, found 3 plugins.
Preloading 0 native plugins for Editor in 0.00 ms.
Unloading 25 Unused Serialized files (Serialized files now loaded: 0)
Unloading 3405 unused Assets / (1.0 MB). Loaded Objects now: 3911.
Memory consumption went from 87.5 MB to 86.5 MB.
Total: 13.577400 ms (FindLiveObjects: 0.586000 ms CreateObjectMapping: 0.539900 ms MarkObjects: 10.651500 ms  DeleteObjects: 1.798000 ms)

========================================================================
Received Import Request.
  Time since last request: 4511.441894 seconds.
  path: Assets/Animations/Ch2/DoorFactory2.controller
  artifactKey: Guid(f59627ea64bac824c8f0b5672f86f196) Importer(815301076,1909f56bfc062723c751e8b465ee728b)
Start importing Assets/Animations/Ch2/DoorFactory2.controller using Guid(f59627ea64bac824c8f0b5672f86f196) Importer(815301076,1909f56bfc062723c751e8b465ee728b) (PreviewImporter) -> (artifact id: '75aabfb49969b4387790876a46d0e49d') in 0.0612867 seconds
Number of updated asset objects reloaded before import = 0Number of asset objects unloaded after import = 4

========================================================================
Received Import Request.
  Time since last request: 65.899837 seconds.
  path: Assets/Animations/Ch2/FacDoor1Open.anim
  artifactKey: Guid(e0aee31baeab9104a8be90569998166e) Importer(815301076,1909f56bfc062723c751e8b465ee728b)
Start importing Assets/Animations/Ch2/FacDoor1Open.anim using Guid(e0aee31baeab9104a8be90569998166e) Importer(815301076,1909f56bfc062723c751e8b465ee728b) (PreviewImporter) -> (artifact id: '04f037fac369ec5a256717c4c424f6e7') in 0.0055149 seconds
Number of updated asset objects reloaded before import = 0Number of asset objects unloaded after import = 1

========================================================================
Received Import Request.
  Time since last request: 2.731583 seconds.
  path: Assets/Animations/Ch2/FacDoor1Open.anim
  artifactKey: Guid(e0aee31baeab9104a8be90569998166e) Importer(815301076,1909f56bfc062723c751e8b465ee728b)
Start importing Assets/Animations/Ch2/FacDoor1Open.anim using Guid(e0aee31baeab9104a8be90569998166e) Importer(815301076,1909f56bfc062723c751e8b465ee728b) (PreviewImporter) -> (artifact id: 'a3fce836ff65c19d9f94bbd1a3556470') in 0.0032317 seconds
Number of updated asset objects reloaded before import = 0Number of asset objects unloaded after import = 1

========================================================================
Received Import Request.
  Time since last request: 19.300319 seconds.
  path: Assets/Animations/Ch2/DoorFactory1.controller
  artifactKey: Guid(421552cf891fd1a439e3f3e63a8af534) Importer(815301076,1909f56bfc062723c751e8b465ee728b)
Start importing Assets/Animations/Ch2/DoorFactory1.controller using Guid(421552cf891fd1a439e3f3e63a8af534) Importer(815301076,1909f56bfc062723c751e8b465ee728b) (PreviewImporter) -> (artifact id: 'daf4c54091da278a9f5a5395f09fed5a') in 0.0050328 seconds
Number of updated asset objects reloaded before import = 0Number of asset objects unloaded after import = 4

========================================================================
Received Import Request.
  Time since last request: 22.383910 seconds.
  path: Assets/Animations/Ch2/DoorFactory1.controller
  artifactKey: Guid(421552cf891fd1a439e3f3e63a8af534) Importer(815301076,1909f56bfc062723c751e8b465ee728b)
Start importing Assets/Animations/Ch2/DoorFactory1.controller using Guid(421552cf891fd1a439e3f3e63a8af534) Importer(815301076,1909f56bfc062723c751e8b465ee728b) (PreviewImporter) -> (artifact id: 'a442700ce6f5d48f649d28025747230a') in 0.0058734 seconds
Number of updated asset objects reloaded before import = 0Number of asset objects unloaded after import = 6

========================================================================
Received Import Request.
  Time since last request: 150.515997 seconds.
  path: Assets/Scripts/Interactables/PuzzleShit/PuzzleButton.cs
  artifactKey: Guid(4daee350ccef93e4682775c970fd8293) Importer(815301076,1909f56bfc062723c751e8b465ee728b)
Start importing Assets/Scripts/Interactables/PuzzleShit/PuzzleButton.cs using Guid(4daee350ccef93e4682775c970fd8293) Importer(815301076,1909f56bfc062723c751e8b465ee728b) (PreviewImporter) -> (artifact id: 'ec3d004097512a91c495c002263d5cd5') in 0.0012125 seconds
Number of updated asset objects reloaded before import = 0Number of asset objects unloaded after import = 0

========================================================================
Received Import Request.
  Time since last request: 24.639342 seconds.
  path: Assets/Scripts/Interactables/PuzzleShit/LeverPull.cs
  artifactKey: Guid(a56408b52935d10469610cc19391d832) Importer(815301076,1909f56bfc062723c751e8b465ee728b)
Start importing Assets/Scripts/Interactables/PuzzleShit/LeverPull.cs using Guid(a56408b52935d10469610cc19391d832) Importer(815301076,1909f56bfc062723c751e8b465ee728b) (PreviewImporter) -> (artifact id: '106ba288730b0e04b37eaf2f1cf7b66f') in 0.0014346 seconds
Number of updated asset objects reloaded before import = 0Number of asset objects unloaded after import = 0

========================================================================
Received Import Request.
  Time since last request: 150.642931 seconds.
  path: Assets/Animations/Ch2/FacButtonAnim.controller
  artifactKey: Guid(8a4331a02af512849ac9b7aa77646464) Importer(815301076,1909f56bfc062723c751e8b465ee728b)
Start importing Assets/Animations/Ch2/FacButtonAnim.controller using Guid(8a4331a02af512849ac9b7aa77646464) Importer(815301076,1909f56bfc062723c751e8b465ee728b) (PreviewImporter) -> (artifact id: '93d9e7d6ed04a1d048e706e012b3776f') in 0.0033746 seconds
Number of updated asset objects reloaded before import = 0Number of asset objects unloaded after import = 1

========================================================================
Received Import Request.
  Time since last request: 1.687247 seconds.
  path: Assets/Animations/Ch2/DoorFactory2.controller
  artifactKey: Guid(f59627ea64bac824c8f0b5672f86f196) Importer(815301076,1909f56bfc062723c751e8b465ee728b)
Start importing Assets/Animations/Ch2/DoorFactory2.controller using Guid(f59627ea64bac824c8f0b5672f86f196) Importer(815301076,1909f56bfc062723c751e8b465ee728b) (PreviewImporter) -> (artifact id: 'ac50a79934fd9f7e02cd27a3a5192df4') in 0.0050212 seconds
Number of updated asset objects reloaded before import = 0Number of asset objects unloaded after import = 6

========================================================================
Received Import Request.
  Time since last request: 3.066674 seconds.
  path: Assets/Animations/Ch2/FacButtonA.controller
  artifactKey: Guid(8a4331a02af512849ac9b7aa77646464) Importer(815301076,1909f56bfc062723c751e8b465ee728b)
Start importing Assets/Animations/Ch2/FacButtonA.controller using Guid(8a4331a02af512849ac9b7aa77646464) Importer(815301076,1909f56bfc062723c751e8b465ee728b) (PreviewImporter) -> (artifact id: '9a42a95a95402d97c5df19acd71fc90d') in 0.0031503 seconds
Number of updated asset objects reloaded before import = 0Number of asset objects unloaded after import = 2

========================================================================
Received Import Request.
  Time since last request: 1.493323 seconds.
  path: Assets/Animations/Ch2/FacButton.controller
  artifactKey: Guid(8a4331a02af512849ac9b7aa77646464) Importer(815301076,1909f56bfc062723c751e8b465ee728b)
Start importing Assets/Animations/Ch2/FacButton.controller using Guid(8a4331a02af512849ac9b7aa77646464) Importer(815301076,1909f56bfc062723c751e8b465ee728b) (PreviewImporter) -> (artifact id: '3ce3268c5a33de8878e4558cabb689a1') in 0.0025467 seconds
Number of updated asset objects reloaded before import = 0Number of asset objects unloaded after import = 2

========================================================================
Received Import Request.
  Time since last request: 9.898508 seconds.
  path: Assets/Animations/Ch2/FacButton.controller
  artifactKey: Guid(8a4331a02af512849ac9b7aa77646464) Importer(815301076,1909f56bfc062723c751e8b465ee728b)
Start importing Assets/Animations/Ch2/FacButton.controller using Guid(8a4331a02af512849ac9b7aa77646464) Importer(815301076,1909f56bfc062723c751e8b465ee728b) (PreviewImporter) -> (artifact id: '03fabd0d2c9a5551d34394619031306e') in 0.0042419 seconds
Number of updated asset objects reloaded before import = 0Number of asset objects unloaded after import = 3

========================================================================
Received Import Request.
  Time since last request: 41.971444 seconds.
  path: Assets/Animations/Ch2/Buttons.controller
  artifactKey: Guid(5b706c70623afce4390962f2d4bb2a5f) Importer(815301076,1909f56bfc062723c751e8b465ee728b)
Start importing Assets/Animations/Ch2/Buttons.controller using Guid(5b706c70623afce4390962f2d4bb2a5f) Importer(815301076,1909f56bfc062723c751e8b465ee728b) (PreviewImporter) -> (artifact id: '641ac0ae1ec75e9a82198c3a4c06f618') in 0.0038643 seconds
Number of updated asset objects reloaded before import = 0Number of asset objects unloaded after import = 4

========================================================================
Received Prepare
Begin MonoManager ReloadAssembly
- Loaded All Assemblies, in  2.130 seconds
Refreshing native plugins compatible for Editor in 4.10 ms, found 3 plugins.
Native extension for WindowsStandalone target not found
Mono: successfully reloaded assembly
- Finished resetting the current domain, in  1.514 seconds
Domain Reload Profiling: 3633ms
	BeginReloadAssembly (697ms)
		ExecutionOrderSort (0ms)
		DisableScriptedObjects (24ms)
		BackupInstance (0ms)
		ReleaseScriptingObjects (0ms)
		CreateAndSetChildDomain (122ms)
	RebuildCommonClasses (148ms)
	RebuildNativeTypeToScriptingClass (56ms)
	initialDomainReloadingComplete (117ms)
	LoadAllAssembliesAndSetupDomain (1099ms)
		LoadAssemblies (1059ms)
		RebuildTransferFunctionScriptingTraits (0ms)
		AnalyzeDomain (467ms)
			TypeCache.Refresh (17ms)
				TypeCache.ScanAssembly (0ms)
			BuildScriptInfoCaches (426ms)
			ResolveRequiredComponents (16ms)
	FinalizeReload (1516ms)
		ReleaseScriptCaches (0ms)
		RebuildScriptCaches (0ms)
		SetupLoadedEditorAssemblies (1161ms)
			LogAssemblyErrors (0ms)
			InitializePlatformSupportModulesInManaged (9ms)
			SetLoadedEditorAssemblies (16ms)
			BeforeProcessingInitializeOnLoad (219ms)
			ProcessInitializeOnLoadAttributes (818ms)
			ProcessInitializeOnLoadMethodAttributes (83ms)
			AfterProcessingInitializeOnLoad (16ms)
			EditorAssembliesLoaded (0ms)
		ExecutionOrderSort2 (0ms)
		AwakeInstancesAfterBackupRestoration (18ms)
Refreshing native plugins compatible for Editor in 1.59 ms, found 3 plugins.
Preloading 0 native plugins for Editor in 0.00 ms.
Unloading 0 Unused Serialized files (Serialized files now loaded: 0)
Unloading 3403 unused Assets / (1.1 MB). Loaded Objects now: 3914.
Memory consumption went from 83.3 MB to 82.2 MB.
Total: 11.100300 ms (FindLiveObjects: 0.597600 ms CreateObjectMapping: 0.564400 ms MarkObjects: 7.476700 ms  DeleteObjects: 2.459800 ms)

Prepare: number of updated asset objects reloaded= 0
========================================================================
Received Prepare
Begin MonoManager ReloadAssembly
- Loaded All Assemblies, in  2.123 seconds
Refreshing native plugins compatible for Editor in 2.77 ms, found 3 plugins.
Native extension for WindowsStandalone target not found
Mono: successfully reloaded assembly
- Finished resetting the current domain, in  1.317 seconds
Domain Reload Profiling: 3428ms
	BeginReloadAssembly (596ms)
		ExecutionOrderSort (0ms)
		DisableScriptedObjects (22ms)
		BackupInstance (0ms)
		ReleaseScriptingObjects (0ms)
		CreateAndSetChildDomain (104ms)
	RebuildCommonClasses (184ms)
	RebuildNativeTypeToScriptingClass (72ms)
	initialDomainReloadingComplete (97ms)
	LoadAllAssembliesAndSetupDomain (1160ms)
		LoadAssemblies (1072ms)
		RebuildTransferFunctionScriptingTraits (0ms)
		AnalyzeDomain (445ms)
			TypeCache.Refresh (17ms)
				TypeCache.ScanAssembly (0ms)
			BuildScriptInfoCaches (408ms)
			ResolveRequiredComponents (13ms)
	FinalizeReload (1318ms)
		ReleaseScriptCaches (0ms)
		RebuildScriptCaches (0ms)
		SetupLoadedEditorAssemblies (1008ms)
			LogAssemblyErrors (0ms)
			InitializePlatformSupportModulesInManaged (7ms)
			SetLoadedEditorAssemblies (13ms)
			BeforeProcessingInitializeOnLoad (194ms)
			ProcessInitializeOnLoadAttributes (715ms)
			ProcessInitializeOnLoadMethodAttributes (64ms)
			AfterProcessingInitializeOnLoad (15ms)
			EditorAssembliesLoaded (0ms)
		ExecutionOrderSort2 (0ms)
		AwakeInstancesAfterBackupRestoration (19ms)
Refreshing native plugins compatible for Editor in 2.16 ms, found 3 plugins.
Preloading 0 native plugins for Editor in 0.00 ms.
Unloading 0 Unused Serialized files (Serialized files now loaded: 0)
Unloading 3403 unused Assets / (0.7 MB). Loaded Objects now: 3914.
Memory consumption went from 83.3 MB to 82.6 MB.
Total: 11.431400 ms (FindLiveObjects: 0.749000 ms CreateObjectMapping: 0.737600 ms MarkObjects: 8.579700 ms  DeleteObjects: 1.362900 ms)

Prepare: number of updated asset objects reloaded= 0
========================================================================
Received Import Request.
  Time since last request: 7718.672613 seconds.
  path: Assets/Models/Decors/interactable/Key.fbx
  artifactKey: Guid(36fa8ae1575b82241bce7b8baee9a63a) Importer(815301076,1909f56bfc062723c751e8b465ee728b)
Start importing Assets/Models/Decors/interactable/Key.fbx using Guid(36fa8ae1575b82241bce7b8baee9a63a) Importer(815301076,1909f56bfc062723c751e8b465ee728b) (PreviewImporter) -> (artifact id: 'faa2effe9c2232c817064b28f5ceb130') in 0.25954 seconds
Number of updated asset objects reloaded before import = 0Number of asset objects unloaded after import = 29

========================================================================
Received Import Request.
  Time since last request: 199.253462 seconds.
  path: Assets/Models/Decors/interactable/Key.fbx
  artifactKey: Guid(36fa8ae1575b82241bce7b8baee9a63a) Importer(815301076,1909f56bfc062723c751e8b465ee728b)
Start importing Assets/Models/Decors/interactable/Key.fbx using Guid(36fa8ae1575b82241bce7b8baee9a63a) Importer(815301076,1909f56bfc062723c751e8b465ee728b) (PreviewImporter) -> (artifact id: '08f2b6f181c8922fa7fedbc598f9ea5b') in 0.0897907 seconds
Number of updated asset objects reloaded before import = 0Number of asset objects unloaded after import = 29

========================================================================
Received Import Request.
  Time since last request: 38.574293 seconds.
  path: Assets/Models/Decors/interactable/Key2.fbx
  artifactKey: Guid(28429a57718e63a4ba17ad3a07e5d721) Importer(815301076,1909f56bfc062723c751e8b465ee728b)
Start importing Assets/Models/Decors/interactable/Key2.fbx using Guid(28429a57718e63a4ba17ad3a07e5d721) Importer(815301076,1909f56bfc062723c751e8b465ee728b) (PreviewImporter) -> (artifact id: 'c47dc0182c11f72f97ef2ca007194b1e') in 0.052648 seconds
Number of updated asset objects reloaded before import = 0Number of asset objects unloaded after import = 8

========================================================================
Received Import Request.
  Time since last request: 23.574151 seconds.
  path: Assets/Models/Decors/interactable/Key.fbx
  artifactKey: Guid(36fa8ae1575b82241bce7b8baee9a63a) Importer(815301076,1909f56bfc062723c751e8b465ee728b)
Start importing Assets/Models/Decors/interactable/Key.fbx using Guid(36fa8ae1575b82241bce7b8baee9a63a) Importer(815301076,1909f56bfc062723c751e8b465ee728b) (PreviewImporter) -> (artifact id: 'c85ed8ab21ae4bcb644867ed83c097aa') in 0.0338441 seconds
Number of updated asset objects reloaded before import = 0Number of asset objects unloaded after import = 8

========================================================================
Received Import Request.
  Time since last request: 137.200245 seconds.
  path: Assets/Scenes/Cha2/Materials&Textures/Divadlo.png
  artifactKey: Guid(e21d644077ace2b4587ff7033008439f) Importer(815301076,1909f56bfc062723c751e8b465ee728b)
Start importing Assets/Scenes/Cha2/Materials&Textures/Divadlo.png using Guid(e21d644077ace2b4587ff7033008439f) Importer(815301076,1909f56bfc062723c751e8b465ee728b) (PreviewImporter) -> (artifact id: '4c9806fbbf2df2d58e6f9d755db5e6d6') in 0.0279762 seconds
Number of updated asset objects reloaded before import = 0Number of asset objects unloaded after import = 2

========================================================================
Received Import Request.
  Time since last request: 0.004997 seconds.
  path: Assets/Scenes/Cha2/Materials&Textures/Divadlo.mat
  artifactKey: Guid(0297fe19468142747b6a05390f50f7a0) Importer(815301076,1909f56bfc062723c751e8b465ee728b)
Start importing Assets/Scenes/Cha2/Materials&Textures/Divadlo.mat using Guid(0297fe19468142747b6a05390f50f7a0) Importer(815301076,1909f56bfc062723c751e8b465ee728b) (PreviewImporter) -> (artifact id: '88ec9e209b855136b7daca09f491447c') in 0.0258045 seconds
Number of updated asset objects reloaded before import = 0Number of asset objects unloaded after import = 2

========================================================================
Received Import Request.
  Time since last request: 15.775971 seconds.
  path: Assets/Scenes/Cha2/Materials&Textures/PoliceBuild.png
  artifactKey: Guid(f8c0b39ca2005da49a9c9f6d13d9e368) Importer(815301076,1909f56bfc062723c751e8b465ee728b)
Start importing Assets/Scenes/Cha2/Materials&Textures/PoliceBuild.png using Guid(f8c0b39ca2005da49a9c9f6d13d9e368) Importer(815301076,1909f56bfc062723c751e8b465ee728b) (PreviewImporter) -> (artifact id: '9fee03751e0a5c9b989454041bdec652') in 0.015116 seconds
Number of updated asset objects reloaded before import = 0Number of asset objects unloaded after import = 2

========================================================================
Received Import Request.
  Time since last request: 0.017419 seconds.
  path: Assets/Scenes/Cha2/Materials&Textures/PoliceBuild.mat
  artifactKey: Guid(eb50684618f2712419ad7e44e7247707) Importer(815301076,1909f56bfc062723c751e8b465ee728b)
Start importing Assets/Scenes/Cha2/Materials&Textures/PoliceBuild.mat using Guid(eb50684618f2712419ad7e44e7247707) Importer(815301076,1909f56bfc062723c751e8b465ee728b) (PreviewImporter) -> (artifact id: '2e21262eca175769937fbf3ff862abf4') in 0.0398543 seconds
Number of updated asset objects reloaded before import = 0Number of asset objects unloaded after import = 3

========================================================================
Received Import Request.
  Time since last request: 6.710935 seconds.
  path: Assets/Scenes/Cha2/Materials&Textures/ShopWallTiles.1001.png
  artifactKey: Guid(959a7a0a5294b3c48baf4108baa1a896) Importer(815301076,1909f56bfc062723c751e8b465ee728b)
Start importing Assets/Scenes/Cha2/Materials&Textures/ShopWallTiles.1001.png using Guid(959a7a0a5294b3c48baf4108baa1a896) Importer(815301076,1909f56bfc062723c751e8b465ee728b) (PreviewImporter) -> (artifact id: 'ad79f6cd8f17ce5183b6ff5e85d22c03') in 0.0157656 seconds
Number of updated asset objects reloaded before import = 0Number of asset objects unloaded after import = 2

========================================================================
Received Import Request.
  Time since last request: 0.014087 seconds.
  path: Assets/Scenes/Cha2/Materials&Textures/ShopsWalls.mat
  artifactKey: Guid(5d7d92f31e225414cb5047eeb5e6c8d3) Importer(815301076,1909f56bfc062723c751e8b465ee728b)
Start importing Assets/Scenes/Cha2/Materials&Textures/ShopsWalls.mat using Guid(5d7d92f31e225414cb5047eeb5e6c8d3) Importer(815301076,1909f56bfc062723c751e8b465ee728b) (PreviewImporter) -> (artifact id: 'c13601a3f9484ace4b9de8146ef6a9c8') in 0.0417636 seconds
Number of updated asset objects reloaded before import = 0Number of asset objects unloaded after import = 3

========================================================================
Received Import Request.
  Time since last request: 5.762876 seconds.
  path: Assets/Scenes/Cha2/Materials&Textures/ShopWallTiles.1001.png
  artifactKey: Guid(959a7a0a5294b3c48baf4108baa1a896) Importer(815301076,1909f56bfc062723c751e8b465ee728b)
Start importing Assets/Scenes/Cha2/Materials&Textures/ShopWallTiles.1001.png using Guid(959a7a0a5294b3c48baf4108baa1a896) Importer(815301076,1909f56bfc062723c751e8b465ee728b) (PreviewImporter) -> (artifact id: 'c1c480ec9d44a291452689598f22b417') in 0.0080163 seconds
Number of updated asset objects reloaded before import = 0Number of asset objects unloaded after import = 2

========================================================================
Received Import Request.
  Time since last request: 0.021095 seconds.
  path: Assets/Scenes/Cha2/Materials&Textures/ShopsWalls.mat
  artifactKey: Guid(5d7d92f31e225414cb5047eeb5e6c8d3) Importer(815301076,1909f56bfc062723c751e8b465ee728b)
Start importing Assets/Scenes/Cha2/Materials&Textures/ShopsWalls.mat using Guid(5d7d92f31e225414cb5047eeb5e6c8d3) Importer(815301076,1909f56bfc062723c751e8b465ee728b) (PreviewImporter) -> (artifact id: 'cec35dcfd5fc21435eef6c807beee18b') in 0.0193195 seconds
Number of updated asset objects reloaded before import = 0Number of asset objects unloaded after import = 3

========================================================================
Received Import Request.
  Time since last request: 13.591395 seconds.
  path: Assets/Scenes/Cha2/Materials&Textures/BrickTexture.png
  artifactKey: Guid(ef389075f0fc87149bee3e06ecb31044) Importer(815301076,1909f56bfc062723c751e8b465ee728b)
Start importing Assets/Scenes/Cha2/Materials&Textures/BrickTexture.png using Guid(ef389075f0fc87149bee3e06ecb31044) Importer(815301076,1909f56bfc062723c751e8b465ee728b) (PreviewImporter) -> (artifact id: 'c6e984f26e2b934fe1c1ea9d95ecea4c') in 0.0174374 seconds
Number of updated asset objects reloaded before import = 0Number of asset objects unloaded after import = 2

========================================================================
Received Import Request.
  Time since last request: 0.012761 seconds.
  path: Assets/Scenes/Cha2/Materials&Textures/Bricks.mat
  artifactKey: Guid(f091e0e232e73c042a28f0d71b853774) Importer(815301076,1909f56bfc062723c751e8b465ee728b)
Start importing Assets/Scenes/Cha2/Materials&Textures/Bricks.mat using Guid(f091e0e232e73c042a28f0d71b853774) Importer(815301076,1909f56bfc062723c751e8b465ee728b) (PreviewImporter) -> (artifact id: '7e57ca46e88fafe731c2b3f9f812348e') in 0.0371738 seconds
Number of updated asset objects reloaded before import = 0Number of asset objects unloaded after import = 2

========================================================================
Received Import Request.
  Time since last request: 10.491118 seconds.
  path: Assets/Scenes/Cha2/Materials&Textures/MagPilWindows.1001.png
  artifactKey: Guid(30653f91ec949854b9bd582f22d116fc) Importer(815301076,1909f56bfc062723c751e8b465ee728b)
Start importing Assets/Scenes/Cha2/Materials&Textures/MagPilWindows.1001.png using Guid(30653f91ec949854b9bd582f22d116fc) Importer(815301076,1909f56bfc062723c751e8b465ee728b) (PreviewImporter) -> (artifact id: '883d93b3de0bb8a4b4e11c2aa15be880') in 0.0149601 seconds
Number of updated asset objects reloaded before import = 0Number of asset objects unloaded after import = 2

========================================================================
Received Import Request.
  Time since last request: 0.021097 seconds.
  path: Assets/Scenes/Cha2/Materials&Textures/House.mat
  artifactKey: Guid(105757648b6629e4f96bdbcab1ca66da) Importer(815301076,1909f56bfc062723c751e8b465ee728b)
Start importing Assets/Scenes/Cha2/Materials&Textures/House.mat using Guid(105757648b6629e4f96bdbcab1ca66da) Importer(815301076,1909f56bfc062723c751e8b465ee728b) (PreviewImporter) -> (artifact id: '642dadd27d171347bb785e7d87f0271c') in 0.017531 seconds
Number of updated asset objects reloaded before import = 0Number of asset objects unloaded after import = 3

========================================================================
Received Import Request.
  Time since last request: 0.000019 seconds.
  path: Assets/Scenes/Cha2/Materials&Textures/MagPills.mat
  artifactKey: Guid(9dbfe8a30545aa549bd0ca357e9b6b93) Importer(815301076,1909f56bfc062723c751e8b465ee728b)
Start importing Assets/Scenes/Cha2/Materials&Textures/MagPills.mat using Guid(9dbfe8a30545aa549bd0ca357e9b6b93) Importer(815301076,1909f56bfc062723c751e8b465ee728b) (PreviewImporter) -> (artifact id: '04b18f617ad51fb0d8ec3ce8ebe4e8d3') in 0.0390349 seconds
Number of updated asset objects reloaded before import = 0Number of asset objects unloaded after import = 3

========================================================================
Received Import Request.
  Time since last request: 448.510693 seconds.
  path: Assets/Scenes/Cha2/Forest.fbx
  artifactKey: Guid(6fa5814219d252e43aaf9d74e0e0143e) Importer(815301076,1909f56bfc062723c751e8b465ee728b)
Start importing Assets/Scenes/Cha2/Forest.fbx using Guid(6fa5814219d252e43aaf9d74e0e0143e) Importer(815301076,1909f56bfc062723c751e8b465ee728b) (PreviewImporter) -> (artifact id: 'a4bf23bdb4dce2c0d3463aba2d6d6f55') in 0.6015401 seconds
Number of updated asset objects reloaded before import = 0Number of asset objects unloaded after import = 250

========================================================================
Received Import Request.
  Time since last request: 5.244417 seconds.
  path: Assets/Models/Obstacles/Box.fbx
  artifactKey: Guid(723644a915043ab498df1b56fb7d45f3) Importer(815301076,1909f56bfc062723c751e8b465ee728b)
Start importing Assets/Models/Obstacles/Box.fbx using Guid(723644a915043ab498df1b56fb7d45f3) Importer(815301076,1909f56bfc062723c751e8b465ee728b) (PreviewImporter) -> (artifact id: '03821fa6ef365e61162b3a280a996300') in 0.0726124 seconds
Number of updated asset objects reloaded before import = 0Number of asset objects unloaded after import = 9

========================================================================
Received Import Request.
  Time since last request: 1505.781290 seconds.
  path: Assets/Scripts/Interactables/PuzzleShit/NumButtPress.cs
  artifactKey: Guid(2f2a7c12a19dbfd4b89f97709791bc86) Importer(815301076,1909f56bfc062723c751e8b465ee728b)
Start importing Assets/Scripts/Interactables/PuzzleShit/NumButtPress.cs using Guid(2f2a7c12a19dbfd4b89f97709791bc86) Importer(815301076,1909f56bfc062723c751e8b465ee728b) (PreviewImporter) -> (artifact id: '6d0a13a09b080bfa830fc4344f51af22') in 0.0021273 seconds
Number of updated asset objects reloaded before import = 0Number of asset objects unloaded after import = 0

========================================================================
Received Import Request.
  Time since last request: 0.770601 seconds.
  path: Assets/Scripts/Interactables/PuzzleShit/NumericCode.cs
  artifactKey: Guid(e6ba32917daae034eb316c4aca3f766a) Importer(815301076,1909f56bfc062723c751e8b465ee728b)
Start importing Assets/Scripts/Interactables/PuzzleShit/NumericCode.cs using Guid(e6ba32917daae034eb316c4aca3f766a) Importer(815301076,1909f56bfc062723c751e8b465ee728b) (PreviewImporter) -> (artifact id: '2a5f09bbb3050e36147dbda0ea4830c7') in 0.0009265 seconds
Number of updated asset objects reloaded before import = 0Number of asset objects unloaded after import = 0

========================================================================
Received Prepare
Refreshing native plugins compatible for Editor in 1.73 ms, found 3 plugins.
Preloading 0 native plugins for Editor in 0.00 ms.
Unloading 0 Unused Serialized files (Serialized files now loaded: 0)
Unloading 3398 unused Assets / (0.5 MB). Loaded Objects now: 3963.
Memory consumption went from 88.4 MB to 87.9 MB.
Total: 39.874700 ms (FindLiveObjects: 0.429700 ms CreateObjectMapping: 0.383300 ms MarkObjects: 37.934800 ms  DeleteObjects: 1.124100 ms)

Prepare: number of updated asset objects reloaded= 0
========================================================================
Received Import Request.
  Time since last request: 457.152957 seconds.
  path: Assets/Scripts/Interactables/WeakerDoor.cs
  artifactKey: Guid(436c90f7bab91d54bab6fabd38056fa1) Importer(815301076,1909f56bfc062723c751e8b465ee728b)
Start importing Assets/Scripts/Interactables/WeakerDoor.cs using Guid(436c90f7bab91d54bab6fabd38056fa1) Importer(815301076,1909f56bfc062723c751e8b465ee728b) (PreviewImporter) -> (artifact id: '0f27a0e5aab316a8f957e1c3fee477d1') in 0.0181766 seconds
Number of updated asset objects reloaded before import = 0Number of asset objects unloaded after import = 0

========================================================================
Received Prepare
Refreshing native plugins compatible for Editor in 11.09 ms, found 3 plugins.
Preloading 0 native plugins for Editor in 0.00 ms.
Unloading 0 Unused Serialized files (Serialized files now loaded: 0)
Unloading 3398 unused Assets / (131.0 KB). Loaded Objects now: 3963.
Memory consumption went from 88.4 MB to 88.3 MB.
Total: 35.315000 ms (FindLiveObjects: 0.702000 ms CreateObjectMapping: 0.878700 ms MarkObjects: 31.511000 ms  DeleteObjects: 2.221300 ms)

Prepare: number of updated asset objects reloaded= 0
========================================================================
Received Prepare
Begin MonoManager ReloadAssembly
- Loaded All Assemblies, in  4.220 seconds
Refreshing native plugins compatible for Editor in 1.58 ms, found 3 plugins.
Native extension for WindowsStandalone target not found
Mono: successfully reloaded assembly
- Finished resetting the current domain, in  1.086 seconds
Domain Reload Profiling: 5304ms
	BeginReloadAssembly (546ms)
		ExecutionOrderSort (0ms)
		DisableScriptedObjects (14ms)
		BackupInstance (0ms)
		ReleaseScriptingObjects (0ms)
		CreateAndSetChildDomain (186ms)
	RebuildCommonClasses (77ms)
	RebuildNativeTypeToScriptingClass (22ms)
	initialDomainReloadingComplete (59ms)
	LoadAllAssembliesAndSetupDomain (3514ms)
		LoadAssemblies (3442ms)
		RebuildTransferFunctionScriptingTraits (0ms)
		AnalyzeDomain (336ms)
			TypeCache.Refresh (17ms)
				TypeCache.ScanAssembly (1ms)
			BuildScriptInfoCaches (297ms)
			ResolveRequiredComponents (14ms)
	FinalizeReload (1087ms)
		ReleaseScriptCaches (0ms)
		RebuildScriptCaches (0ms)
		SetupLoadedEditorAssemblies (850ms)
			LogAssemblyErrors (0ms)
			InitializePlatformSupportModulesInManaged (5ms)
			SetLoadedEditorAssemblies (15ms)
			BeforeProcessingInitializeOnLoad (182ms)
			ProcessInitializeOnLoadAttributes (589ms)
			ProcessInitializeOnLoadMethodAttributes (45ms)
			AfterProcessingInitializeOnLoad (14ms)
			EditorAssembliesLoaded (0ms)
		ExecutionOrderSort2 (0ms)
		AwakeInstancesAfterBackupRestoration (11ms)
Refreshing native plugins compatible for Editor in 1.53 ms, found 3 plugins.
Preloading 0 native plugins for Editor in 0.00 ms.
Unloading 0 Unused Serialized files (Serialized files now loaded: 0)
Unloading 3404 unused Assets / (0.8 MB). Loaded Objects now: 3962.
Memory consumption went from 87.9 MB to 87.1 MB.
Total: 10.480900 ms (FindLiveObjects: 0.657000 ms CreateObjectMapping: 0.911200 ms MarkObjects: 7.127300 ms  DeleteObjects: 1.783900 ms)

Prepare: number of updated asset objects reloaded= 0
========================================================================
Received Import Request.
  Time since last request: 39.875730 seconds.
  path: Assets/Scripts/Interactables/WeakerDoor.cs
  artifactKey: Guid(436c90f7bab91d54bab6fabd38056fa1) Importer(815301076,1909f56bfc062723c751e8b465ee728b)
Start importing Assets/Scripts/Interactables/WeakerDoor.cs using Guid(436c90f7bab91d54bab6fabd38056fa1) Importer(815301076,1909f56bfc062723c751e8b465ee728b) (PreviewImporter) -> (artifact id: '9696f47677a35b6060d1b7df6d9fdcf9') in 0.0074349 seconds
Number of updated asset objects reloaded before import = 0Number of asset objects unloaded after import = 0

========================================================================
Received Prepare
Refreshing native plugins compatible for Editor in 1.45 ms, found 3 plugins.
Preloading 0 native plugins for Editor in 0.00 ms.
Unloading 0 Unused Serialized files (Serialized files now loaded: 0)
Unloading 3398 unused Assets / (0.8 MB). Loaded Objects now: 3962.
Memory consumption went from 88.1 MB to 87.3 MB.
Total: 8.450800 ms (FindLiveObjects: 0.460300 ms CreateObjectMapping: 0.500600 ms MarkObjects: 6.331800 ms  DeleteObjects: 1.156700 ms)

Prepare: number of updated asset objects reloaded= 0
========================================================================
Received Prepare
Begin MonoManager ReloadAssembly
- Loaded All Assemblies, in  1.257 seconds
Refreshing native plugins compatible for Editor in 1.26 ms, found 3 plugins.
Native extension for WindowsStandalone target not found
Mono: successfully reloaded assembly
- Finished resetting the current domain, in  1.006 seconds
Domain Reload Profiling: 2255ms
	BeginReloadAssembly (380ms)
		ExecutionOrderSort (0ms)
		DisableScriptedObjects (14ms)
		BackupInstance (0ms)
		ReleaseScriptingObjects (0ms)
		CreateAndSetChildDomain (69ms)
	RebuildCommonClasses (79ms)
	RebuildNativeTypeToScriptingClass (26ms)
	initialDomainReloadingComplete (72ms)
	LoadAllAssembliesAndSetupDomain (691ms)
		LoadAssemblies (577ms)
		RebuildTransferFunctionScriptingTraits (0ms)
		AnalyzeDomain (336ms)
			TypeCache.Refresh (11ms)
				TypeCache.ScanAssembly (1ms)
			BuildScriptInfoCaches (305ms)
			ResolveRequiredComponents (14ms)
	FinalizeReload (1007ms)
		ReleaseScriptCaches (0ms)
		RebuildScriptCaches (0ms)
		SetupLoadedEditorAssemblies (802ms)
			LogAssemblyErrors (0ms)
			InitializePlatformSupportModulesInManaged (4ms)
			SetLoadedEditorAssemblies (7ms)
			BeforeProcessingInitializeOnLoad (122ms)
			ProcessInitializeOnLoadAttributes (638ms)
			ProcessInitializeOnLoadMethodAttributes (24ms)
			AfterProcessingInitializeOnLoad (7ms)
			EditorAssembliesLoaded (0ms)
		ExecutionOrderSort2 (0ms)
		AwakeInstancesAfterBackupRestoration (7ms)
Refreshing native plugins compatible for Editor in 2.19 ms, found 3 plugins.
Preloading 0 native plugins for Editor in 0.00 ms.
Unloading 0 Unused Serialized files (Serialized files now loaded: 0)
Unloading 3404 unused Assets / (1.6 MB). Loaded Objects now: 3962.
Memory consumption went from 87.9 MB to 86.4 MB.
Total: 9.573300 ms (FindLiveObjects: 0.539200 ms CreateObjectMapping: 0.546800 ms MarkObjects: 6.882500 ms  DeleteObjects: 1.603500 ms)

Prepare: number of updated asset objects reloaded= 0
========================================================================
Received Prepare
Refreshing native plugins compatible for Editor in 1.50 ms, found 3 plugins.
Preloading 0 native plugins for Editor in 0.00 ms.
Unloading 0 Unused Serialized files (Serialized files now loaded: 0)
Unloading 3398 unused Assets / (1.0 MB). Loaded Objects now: 3962.
Memory consumption went from 88.1 MB to 87.1 MB.
Total: 6.712100 ms (FindLiveObjects: 0.468000 ms CreateObjectMapping: 0.334800 ms MarkObjects: 4.595400 ms  DeleteObjects: 1.312700 ms)

Prepare: number of updated asset objects reloaded= 0
========================================================================
Received Import Request.
  Time since last request: 122.327715 seconds.
  path: Assets/Scripts/Interactables/WeakerDoor.cs
  artifactKey: Guid(436c90f7bab91d54bab6fabd38056fa1) Importer(815301076,1909f56bfc062723c751e8b465ee728b)
Start importing Assets/Scripts/Interactables/WeakerDoor.cs using Guid(436c90f7bab91d54bab6fabd38056fa1) Importer(815301076,1909f56bfc062723c751e8b465ee728b) (PreviewImporter) -> (artifact id: '2ed0f350c79b1547a583485a4abc33e6') in 0.0094998 seconds
Number of updated asset objects reloaded before import = 0Number of asset objects unloaded after import = 0

========================================================================
Received Prepare
Begin MonoManager ReloadAssembly
- Loaded All Assemblies, in  1.052 seconds
Refreshing native plugins compatible for Editor in 2.75 ms, found 3 plugins.
Native extension for WindowsStandalone target not found
Mono: successfully reloaded assembly
- Finished resetting the current domain, in  0.957 seconds
Domain Reload Profiling: 2006ms
	BeginReloadAssembly (321ms)
		ExecutionOrderSort (0ms)
		DisableScriptedObjects (15ms)
		BackupInstance (0ms)
		ReleaseScriptingObjects (0ms)
		CreateAndSetChildDomain (61ms)
	RebuildCommonClasses (99ms)
	RebuildNativeTypeToScriptingClass (31ms)
	initialDomainReloadingComplete (52ms)
	LoadAllAssembliesAndSetupDomain (547ms)
		LoadAssemblies (463ms)
		RebuildTransferFunctionScriptingTraits (0ms)
		AnalyzeDomain (261ms)
			TypeCache.Refresh (10ms)
				TypeCache.ScanAssembly (1ms)
			BuildScriptInfoCaches (238ms)
			ResolveRequiredComponents (8ms)
	FinalizeReload (957ms)
		ReleaseScriptCaches (0ms)
		RebuildScriptCaches (0ms)
		SetupLoadedEditorAssemblies (717ms)
			LogAssemblyErrors (0ms)
			InitializePlatformSupportModulesInManaged (6ms)
			SetLoadedEditorAssemblies (10ms)
			BeforeProcessingInitializeOnLoad (154ms)
			ProcessInitializeOnLoadAttributes (503ms)
			ProcessInitializeOnLoadMethodAttributes (34ms)
			AfterProcessingInitializeOnLoad (11ms)
			EditorAssembliesLoaded (0ms)
		ExecutionOrderSort2 (0ms)
		AwakeInstancesAfterBackupRestoration (9ms)
Refreshing native plugins compatible for Editor in 1.29 ms, found 3 plugins.
Preloading 0 native plugins for Editor in 0.00 ms.
Unloading 0 Unused Serialized files (Serialized files now loaded: 0)
Unloading 3404 unused Assets / (0.8 MB). Loaded Objects now: 3962.
Memory consumption went from 87.9 MB to 87.1 MB.
Total: 6.783500 ms (FindLiveObjects: 0.431500 ms CreateObjectMapping: 0.566700 ms MarkObjects: 4.697500 ms  DeleteObjects: 1.086900 ms)

Prepare: number of updated asset objects reloaded= 0
========================================================================
Received Prepare
Refreshing native plugins compatible for Editor in 1.31 ms, found 3 plugins.
Preloading 0 native plugins for Editor in 0.00 ms.
Unloading 0 Unused Serialized files (Serialized files now loaded: 0)
Unloading 3398 unused Assets / (1.4 MB). Loaded Objects now: 3962.
Memory consumption went from 88.1 MB to 86.7 MB.
Total: 8.038000 ms (FindLiveObjects: 0.376800 ms CreateObjectMapping: 0.288500 ms MarkObjects: 5.916300 ms  DeleteObjects: 1.455500 ms)

Prepare: number of updated asset objects reloaded= 0
========================================================================
Received Prepare
Begin MonoManager ReloadAssembly
- Loaded All Assemblies, in  0.900 seconds
Refreshing native plugins compatible for Editor in 0.90 ms, found 3 plugins.
Native extension for WindowsStandalone target not found
Mono: successfully reloaded assembly
- Finished resetting the current domain, in  0.781 seconds
Domain Reload Profiling: 1671ms
	BeginReloadAssembly (241ms)
		ExecutionOrderSort (0ms)
		DisableScriptedObjects (7ms)
		BackupInstance (0ms)
		ReleaseScriptingObjects (0ms)
		CreateAndSetChildDomain (50ms)
	RebuildCommonClasses (64ms)
	RebuildNativeTypeToScriptingClass (25ms)
	initialDomainReloadingComplete (43ms)
	LoadAllAssembliesAndSetupDomain (516ms)
		LoadAssemblies (450ms)
		RebuildTransferFunctionScriptingTraits (0ms)
		AnalyzeDomain (202ms)
			TypeCache.Refresh (11ms)
				TypeCache.ScanAssembly (1ms)
			BuildScriptInfoCaches (177ms)
			ResolveRequiredComponents (9ms)
	FinalizeReload (782ms)
		ReleaseScriptCaches (0ms)
		RebuildScriptCaches (0ms)
		SetupLoadedEditorAssemblies (600ms)
			LogAssemblyErrors (0ms)
			InitializePlatformSupportModulesInManaged (4ms)
			SetLoadedEditorAssemblies (7ms)
			BeforeProcessingInitializeOnLoad (161ms)
			ProcessInitializeOnLoadAttributes (382ms)
			ProcessInitializeOnLoadMethodAttributes (35ms)
			AfterProcessingInitializeOnLoad (11ms)
			EditorAssembliesLoaded (0ms)
		ExecutionOrderSort2 (0ms)
		AwakeInstancesAfterBackupRestoration (9ms)
Refreshing native plugins compatible for Editor in 1.31 ms, found 3 plugins.
Preloading 0 native plugins for Editor in 0.00 ms.
Unloading 0 Unused Serialized files (Serialized files now loaded: 0)
Unloading 3404 unused Assets / (0.9 MB). Loaded Objects now: 3962.
Memory consumption went from 87.9 MB to 87.0 MB.
Total: 8.462000 ms (FindLiveObjects: 0.439900 ms CreateObjectMapping: 0.534400 ms MarkObjects: 6.066300 ms  DeleteObjects: 1.419800 ms)

Prepare: number of updated asset objects reloaded= 0
========================================================================
Received Prepare
Refreshing native plugins compatible for Editor in 1.28 ms, found 3 plugins.
Preloading 0 native plugins for Editor in 0.00 ms.
Unloading 0 Unused Serialized files (Serialized files now loaded: 0)
Unloading 3398 unused Assets / (1.0 MB). Loaded Objects now: 3962.
Memory consumption went from 88.1 MB to 87.1 MB.
Total: 8.181500 ms (FindLiveObjects: 0.484600 ms CreateObjectMapping: 0.500700 ms MarkObjects: 5.596100 ms  DeleteObjects: 1.598600 ms)

Prepare: number of updated asset objects reloaded= 0
========================================================================
Received Import Request.
  Time since last request: 59.628238 seconds.
  path: Assets/Scripts/Interactables/WeakerDoor.cs
  artifactKey: Guid(436c90f7bab91d54bab6fabd38056fa1) Importer(815301076,1909f56bfc062723c751e8b465ee728b)
Start importing Assets/Scripts/Interactables/WeakerDoor.cs using Guid(436c90f7bab91d54bab6fabd38056fa1) Importer(815301076,1909f56bfc062723c751e8b465ee728b) (PreviewImporter) -> (artifact id: 'b5804c6723fabf3f39ade9ebc8a980ce') in 0.0133328 seconds
Number of updated asset objects reloaded before import = 0Number of asset objects unloaded after import = 0

========================================================================
Received Prepare
Refreshing native plugins compatible for Editor in 1.54 ms, found 3 plugins.
Preloading 0 native plugins for Editor in 0.00 ms.
Unloading 0 Unused Serialized files (Serialized files now loaded: 0)
Unloading 3398 unused Assets / (0.6 MB). Loaded Objects now: 3962.
Memory consumption went from 88.1 MB to 87.5 MB.
Total: 7.026500 ms (FindLiveObjects: 0.519700 ms CreateObjectMapping: 0.545300 ms MarkObjects: 5.140800 ms  DeleteObjects: 0.819700 ms)

Prepare: number of updated asset objects reloaded= 0
========================================================================
Received Prepare
Refreshing native plugins compatible for Editor in 2.44 ms, found 3 plugins.
Preloading 0 native plugins for Editor in 0.00 ms.
Unloading 0 Unused Serialized files (Serialized files now loaded: 0)
Unloading 3398 unused Assets / (0.7 MB). Loaded Objects now: 3962.
Memory consumption went from 88.1 MB to 87.4 MB.
Total: 9.961200 ms (FindLiveObjects: 0.505900 ms CreateObjectMapping: 0.769200 ms MarkObjects: 7.420200 ms  DeleteObjects: 1.263900 ms)

Prepare: number of updated asset objects reloaded= 0
